{"type":"server-started","port":54115,"host":"127.0.0.1","url_host":"localhost","url":"http://localhost:54115","screen_dir":"/Users/ted/Desktop/TedProject/Slidesh/.superpowers/brainstorm/42139-1774236290"}
{"type":"screen-added","file":"/Users/ted/Desktop/TedProject/Slidesh/.superpowers/brainstorm/42139-1774236290/format-selection-flow.html"}
{"source":"user-event","type":"click","text":"A\n    \n      点击工具卡片后立即选择格式\n      点击工具 → 底部弹窗选择输出格式 → 选文件 → 上传转换\n      \n        优点用户先明确目标再找文件，逻辑清晰减少返回操作\n        缺点多一步才能到文件选择器","choice":"a","id":null,"timestamp":1774236417760}
{"source":"user-event","type":"click","text":"A\n    \n      点击工具卡片后立即选择格式\n      点击工具 → 底部弹窗选择输出格式 → 选文件 → 上传转换\n      \n        优点用户先明确目标再找文件，逻辑清晰减少返回操作\n        缺点多一步才能到文件选择器","choice":"a","id":null,"timestamp":1774236426626}
{"source":"user-event","type":"click","text":"A\n    \n      点击工具卡片后立即选择格式\n      点击工具 → 底部弹窗选择输出格式 → 选文件 → 上传转换\n      \n        优点用户先明确目标再找文件，逻辑清晰减少返回操作\n        缺点多一步才能到文件选择器","choice":"a","id":null,"timestamp":1774236427225}
{"source":"user-event","type":"click","text":"A\n    \n      点击工具卡片后立即选择格式\n      点击工具 → 底部弹窗选择输出格式 → 选文件 → 上传转换\n      \n        优点用户先明确目标再找文件，逻辑清晰减少返回操作\n        缺点多一步才能到文件选择器","choice":"a","id":null,"timestamp":1774236431169}
{"source":"user-event","type":"click","text":"A\n    \n      点击工具卡片后立即选择格式\n      点击工具 → 底部弹窗选择输出格式 → 选文件 → 上传转换\n      \n        优点用户先明确目标再找文件，逻辑清晰减少返回操作\n        缺点多一步才能到文件选择器","choice":"a","id":null,"timestamp":1774236431366}
{"type":"screen-added","file":"/Users/ted/Desktop/TedProject/Slidesh/.superpowers/brainstorm/42139-1774236290/waiting.html"}
{"type":"screen-added","file":"/Users/ted/Desktop/TedProject/Slidesh/.superpowers/brainstorm/42139-1774236290/result-handling.html"}
{"source":"user-event","type":"click","text":"B\n    \n      先下载到临时目录 → 用 QLPreviewController 预览 → 再保存/分享\n      转换完成后，先下载到本地缓存，弹出系统预览（Quick Look），用户在预览界面可点击右上角分享/保存\n      \n        优点用户可以确认文件内容再决定保存用系统原生预览，体验一致\n        缺点多一步下载；PDF/图片效果好，但 Word/Excel 在 QL 内可能排版有出入","choice":"b","id":null,"timestamp":1774236656727}
{"source":"user-event","type":"click","text":"B\n    \n      先下载到临时目录 → 用 QLPreviewController 预览 → 再保存/分享\n      转换完成后，先下载到本地缓存，弹出系统预览（Quick Look），用户在预览界面可点击右上角分享/保存\n      \n        优点用户可以确认文件内容再决定保存用系统原生预览，体验一致\n        缺点多一步下载；PDF/图片效果好，但 Word/Excel 在 QL 内可能排版有出入","choice":"b","id":null,"timestamp":1774236659217}
{"source":"user-event","type":"click","text":"B\n    \n      先下载到临时目录 → 用 QLPreviewController 预览 → 再保存/分享\n      转换完成后，先下载到本地缓存，弹出系统预览（Quick Look），用户在预览界面可点击右上角分享/保存\n      \n        优点用户可以确认文件内容再决定保存用系统原生预览，体验一致\n        缺点多一步下载；PDF/图片效果好，但 Word/Excel 在 QL 内可能排版有出入","choice":"b","id":null,"timestamp":1774236659350}
{"source":"user-event","type":"click","text":"B\n    \n      先下载到临时目录 → 用 QLPreviewController 预览 → 再保存/分享\n      转换完成后，先下载到本地缓存，弹出系统预览（Quick Look），用户在预览界面可点击右上角分享/保存\n      \n        优点用户可以确认文件内容再决定保存用系统原生预览，体验一致\n        缺点多一步下载；PDF/图片效果好，但 Word/Excel 在 QL 内可能排版有出入","choice":"b","id":null,"timestamp":1774236683009}
{"type":"screen-added","file":"/Users/ted/Desktop/TedProject/Slidesh/.superpowers/brainstorm/42139-1774236290/waiting-2.html"}
{"type":"screen-added","file":"/Users/ted/Desktop/TedProject/Slidesh/.superpowers/brainstorm/42139-1774236290/architecture.html"}
{"type":"screen-added","file":"/Users/ted/Desktop/TedProject/Slidesh/.superpowers/brainstorm/42139-1774236290/job-vc-design.html"}
{"type":"screen-added","file":"/Users/ted/Desktop/TedProject/Slidesh/.superpowers/brainstorm/42139-1774236290/format-sheet-design.html"}
{"source":"user-event","type":"click","text":"选择输出格式\n        \n        \n          \n            📄\n            \n              Word\n              .docx 文档格式\n            \n          \n          \n            📊\n            \n              Excel\n              .xlsx 表格格式\n            \n          \n          \n            📊\n            \n              PPT\n              .pptx 演示文稿\n            \n          \n        \n        取消\n      \n    \n    \n      A. 列表行样式\n      每个格式一行，左侧彩色图标，右侧格式名+文件扩展名说明。与 ToolCell 卡片风格一致，清晰易读。","choice":"a","id":null,"timestamp":1774237568165}
{"source":"user-event","type":"click","text":"选择输出格式\n        \n        \n          \n            📄\n            \n              Word\n              .docx 文档格式\n            \n          \n          \n            📊\n            \n              Excel\n              .xlsx 表格格式\n            \n          \n          \n            📊\n            \n              PPT\n              .pptx 演示文稿\n            \n          \n        \n        取消\n      \n    \n    \n      A. 列表行样式\n      每个格式一行，左侧彩色图标，右侧格式名+文件扩展名说明。与 ToolCell 卡片风格一致，清晰易读。","choice":"a","id":null,"timestamp":1774237575347}
{"source":"user-event","type":"click","text":"选择输出格式\n        \n        \n          \n            📄\n            \n              Word\n              .docx 文档格式\n            \n          \n          \n            📊\n            \n              Excel\n              .xlsx 表格格式\n            \n          \n          \n            📊\n            \n              PPT\n              .pptx 演示文稿\n            \n          \n        \n        取消\n      \n    \n    \n      A. 列表行样式\n      每个格式一行，左侧彩色图标，右侧格式名+文件扩展名说明。与 ToolCell 卡片风格一致，清晰易读。","choice":"a","id":null,"timestamp":1774237575498}
{"source":"user-event","type":"click","text":"选择输出格式\n        \n        \n          \n            📄\n            \n              Word\n              .docx 文档格式\n            \n          \n          \n            📊\n            \n              Excel\n              .xlsx 表格格式\n            \n          \n          \n            📊\n            \n              PPT\n              .pptx 演示文稿\n            \n          \n        \n        取消\n      \n    \n    \n      A. 列表行样式\n      每个格式一行，左侧彩色图标，右侧格式名+文件扩展名说明。与 ToolCell 卡片风格一致，清晰易读。","choice":"a","id":null,"timestamp":1774237598489}
{"type":"screen-added","file":"/Users/ted/Desktop/TedProject/Slidesh/.superpowers/brainstorm/42139-1774236290/final-design.html"}
{"type":"server-stopped","reason":"idle timeout"}
